<?xml version="1.0" encoding="UTF-8"?>
<!-- Generated by org.testng.reporters.JUnitXMLReporter -->
<testsuite ignored="0" hostname="10-PRO-X64" failures="0" tests="4" name="Test" time="0.119" errors="0" timestamp="2022-08-17T21:52:10 EDT">
  <testcase classname="qaclickacademy.SeleniumTest" name="BrowserAutomation" time="0.011"/>
  <testcase classname="qaclickacademy.SeleniumTest" name="ElementsUI" time="0.002"/>
  <testcase classname="qaclickacademy.RESTAPITest" name="PostJira" time="0.0"/>
  <testcase classname="qaclickacademy.RESTAPITest" name="deleteTwitter" time="0.001"/>
</testsuite> <!-- Test -->
