<?xml version="1.0" encoding="UTF-8"?>
<testng-results ignored="0" total="4" passed="4" failed="0" skipped="0">
  <reporter-output>
  </reporter-output>
  <suite started-at="2022-08-17T21:52:10 EDT" name="Suite" finished-at="2022-08-17T21:52:10 EDT" duration-ms="119">
    <groups>
    </groups>
    <test started-at="2022-08-17T21:52:10 EDT" name="Test" finished-at="2022-08-17T21:52:10 EDT" duration-ms="119">
      <class name="qaclickacademy.RESTAPITest">
        <test-method signature="PostJira()[pri:0, instance:qaclickacademy.RESTAPITest@70e9c95d]" started-at="2022-08-17T21:52:10 EDT" name="PostJira" finished-at="2022-08-17T21:52:10 EDT" duration-ms="0" status="PASS">
          <reporter-output>
          </reporter-output>
        </test-method> <!-- PostJira -->
        <test-method signature="deleteTwitter()[pri:0, instance:qaclickacademy.RESTAPITest@70e9c95d]" started-at="2022-08-17T21:52:10 EDT" name="deleteTwitter" finished-at="2022-08-17T21:52:10 EDT" duration-ms="1" status="PASS">
          <reporter-output>
          </reporter-output>
        </test-method> <!-- deleteTwitter -->
      </class> <!-- qaclickacademy.RESTAPITest -->
      <class name="qaclickacademy.SeleniumTest">
        <test-method signature="BrowserAutomation()[pri:0, instance:qaclickacademy.SeleniumTest@7db12bb6]" started-at="2022-08-17T21:52:10 EDT" name="BrowserAutomation" finished-at="2022-08-17T21:52:10 EDT" duration-ms="11" status="PASS">
          <reporter-output>
          </reporter-output>
        </test-method> <!-- BrowserAutomation -->
        <test-method signature="ElementsUI()[pri:0, instance:qaclickacademy.SeleniumTest@7db12bb6]" started-at="2022-08-17T21:52:10 EDT" name="ElementsUI" finished-at="2022-08-17T21:52:10 EDT" duration-ms="2" status="PASS">
          <reporter-output>
          </reporter-output>
        </test-method> <!-- ElementsUI -->
      </class> <!-- qaclickacademy.SeleniumTest -->
    </test> <!-- Test -->
  </suite> <!-- Suite -->
</testng-results>
